21-03-21 16:27:11 [INFO] Logger started.
21-03-21 16:27:11 [INFO] Logging system initialized.
21-03-21 16:27:11 [INFO] Detected Minecraft version: 1.12.2
21-03-21 16:27:16 [INFO] McAccess set to: 1.12-1.12.2 / Spigot-CB-1.12_R1
21-03-21 16:27:16 [INFO] Added block-info for Minecraft 1.5 blocks.
21-03-21 16:27:16 [INFO] Added block-info for Minecraft 1.6.1 blocks.
21-03-21 16:27:16 [INFO] Added block-info for Minecraft 1.7.2 blocks.
21-03-21 16:27:16 [INFO] Added block-info for Minecraft 1.8 blocks.
21-03-21 16:27:16 [INFO] Added block-info for Minecraft 1.9 blocks.
21-03-21 16:27:16 [INFO] Added block-info for Minecraft 1.10 blocks.
21-03-21 16:27:16 [INFO] Added block-info for Minecraft 1.11 blocks.
21-03-21 16:27:16 [INFO] Added block-info for Minecraft 1.12 blocks.
21-03-21 16:27:16 [INFO] Inventory checks: FastConsume is available, disabled InstantEat.
21-03-21 16:27:16 [INFO] Packet level access: ProtocolLib is not available.
21-03-21 16:27:16 [INFO] Force disable FastHeal on Minecraft 1.9 and later.
21-03-21 16:27:16 [INFO] Version 3.16.0-RC-sMD5NET-b1134 is enabled.
21-03-21 16:27:26 [INFO] [GenericInstanceRegistry] Registered for itself: fr.neatmonster.nocheatplus.stats.Counters
21-03-21 16:27:26 [INFO] [GenericInstanceRegistry] Registered for itself: fr.neatmonster.nocheatplus.checks.workaround.WRPT
21-03-21 16:27:26 [INFO] [GenericInstanceRegistry] Registered for itself: fr.neatmonster.nocheatplus.checks.moving.location.tracking.LocationTrace$TraceEntryPool
21-03-21 16:27:26 [INFO] [GenericInstanceRegistry] Registered for itself: fr.neatmonster.nocheatplus.utilities.entity.PassengerUtil
21-03-21 16:27:26 [INFO] [GenericInstanceRegistry] Registered for itself: java.util.Random
21-03-21 16:27:26 [INFO] [GenericInstanceRegistry] Registered for fr.neatmonster.nocheatplus.compat.IBridgeCrossPlugin: fr.neatmonster.nocheatplus.compat.meta.BridgeCrossPlugin
21-03-21 16:27:26 [INFO] [GenericInstanceRegistry] Registered for fr.neatmonster.nocheatplus.compat.MCAccess: fr.neatmonster.nocheatplus.compat.cbdev.MCAccessCBDev
21-03-21 16:27:26 [INFO] [GenericInstanceRegistry] Registered for fr.neatmonster.nocheatplus.utilities.map.BlockCache: fr.neatmonster.nocheatplus.compat.cbdev.BlockCacheCBDev
21-03-21 16:27:26 [INFO] [GenericInstanceRegistry] Registered for fr.neatmonster.nocheatplus.components.modifier.IAttributeAccess: fr.neatmonster.nocheatplus.compat.cbdev.AttributeAccess
21-03-21 16:27:26 [INFO] [GenericInstanceRegistry] Registered for fr.neatmonster.nocheatplus.components.entity.IEntityAccessLastPositionAndLook: fr.neatmonster.nocheatplus.compat.cbdev.EntityAccessLastPositionAndLook
21-03-21 16:27:26 [INFO] [GenericInstanceRegistry] Registered for fr.neatmonster.nocheatplus.components.entity.IEntityAccessVehicle: fr.neatmonster.nocheatplus.compat.bukkit.EntityAccessVehicleMultiPassenger
21-03-21 16:27:26 [INFO] [GenericInstanceRegistry] Registered for itself: fr.neatmonster.nocheatplus.checks.moving.util.AuxMoving
21-03-21 16:27:26 [INFO] Added hook: AllViolations(NCP) [1.0].
21-03-21 16:27:26 [INFO] Post-enable running...
21-03-21 16:27:31 [INFO] Updated data for 1 players (post-enable).
21-03-21 16:27:31 [INFO] Post-enable finished.
21-03-21 16:27:31 [INFO] ---- Version information ----
#### Server ####
git-Spigot-dcd1643-e60fc34 ~MC: 1.12.2~
  detected: 1.12.2
#### NoCheatPlus ####
Plugin: 3.16.0-RC-sMD5NET-b1134
MCAccess: 1.12-1.12.2 / Spigot-CB-1.12_R1
Features:
  blocks: BlocksMC1_4 | BlocksMC1_5 | BlocksMC1_6_1 | BlocksMC1_7_2 | BlocksMC1_8 | BlocksMC1_9 | BlocksMC1_10 | BlocksMC1_11 | BlocksMC1_12
  checks: FastConsume | Gutenberg | HotFixFallingBlockPortalEnter
  defaults: pvpKnockBackVelocity
Hooks: AllViolations~NCP~ 1.0
21-03-21 16:45:30 [INFO] Removed hook: AllViolations(NCP) [1.0].
21-03-21 16:45:30 [FINE] | cancel.dead 0 | cancel.offline 0 | block.interact.look.current 78 (78/0) | block.interact.look.flying.first 0 | block.interact.look.flying.other 0 | illegalitem 0 | boatsanywhere 0 | throwenderpearl 0 | fakeinvulnerable 0 | eggonentity 0 | event.player.move 3803 (3803/0) |
21-03-21 16:45:30 [INFO] [GenericInstanceRegistry] Registry cleared.
